<?xml version="1.0" encoding="UTF-8"?>
<coverage generated="1547939712167" clover="3.2.0">
  <project timestamp="1547939712167" name="All files">
    <metrics statements="228" coveredstatements="223" conditionals="123" coveredconditionals="119" methods="32" coveredmethods="32" elements="383" coveredelements="374" complexity="0" loc="228" ncloc="228" packages="3" files="7" classes="7">
      <package name="src">
        <metrics statements="4" coveredstatements="4" conditionals="0" coveredconditionals="0" methods="0" coveredmethods="0"/>
        <file name="providers.ts" path="/home/cdayjr/Projects/video-tag/src/providers.ts">
          <metrics statements="4" coveredstatements="4" conditionals="0" coveredconditionals="0" methods="0" coveredmethods="0"/>
          <line num="1" count="5" type="stmt"/>
          <line num="2" count="5" type="stmt"/>
          <line num="3" count="5" type="stmt"/>
          <line num="8" count="5" type="stmt"/>
        </file>
      </package>
      <package name="src.classes">
        <metrics statements="98" coveredstatements="93" conditionals="47" coveredconditionals="44" methods="20" coveredmethods="20"/>
        <file name="Video.style.scss" path="/home/cdayjr/Projects/video-tag/src/classes/Video.style.scss">
          <metrics statements="2" coveredstatements="2" conditionals="0" coveredconditionals="0" methods="0" coveredmethods="0"/>
          <line num="4" count="5" type="stmt"/>
          <line num="8" count="5" type="stmt"/>
        </file>
        <file name="Video.ts" path="/home/cdayjr/Projects/video-tag/src/classes/Video.ts">
          <metrics statements="47" coveredstatements="42" conditionals="24" coveredconditionals="21" methods="7" coveredmethods="7"/>
          <line num="1" count="5" type="stmt"/>
          <line num="2" count="5" type="stmt"/>
          <line num="3" count="5" type="stmt"/>
          <line num="9" count="5" type="stmt"/>
          <line num="13" count="16" type="stmt"/>
          <line num="25" count="16" type="cond" truecount="4" falsecount="0"/>
          <line num="26" count="3" type="stmt"/>
          <line num="30" count="13" type="cond" truecount="2" falsecount="0"/>
          <line num="31" count="9" type="stmt"/>
          <line num="47" count="9" type="stmt"/>
          <line num="48" count="21" type="stmt"/>
          <line num="49" count="21" type="cond" truecount="2" falsecount="0"/>
          <line num="50" count="6" type="stmt"/>
          <line num="51" count="6" type="stmt"/>
          <line num="54" count="9" type="cond" truecount="2" falsecount="0"/>
          <line num="55" count="6" type="stmt"/>
          <line num="58" count="3" type="stmt"/>
          <line num="74" count="9" type="stmt"/>
          <line num="75" count="21" type="stmt"/>
          <line num="76" count="21" type="cond" truecount="2" falsecount="0"/>
          <line num="80" count="6" type="stmt"/>
          <line num="81" count="6" type="stmt"/>
          <line num="84" count="9" type="cond" truecount="2" falsecount="0"/>
          <line num="85" count="6" type="stmt"/>
          <line num="88" count="3" type="stmt"/>
          <line num="99" count="6" type="stmt"/>
          <line num="103" count="6" type="cond" truecount="2" falsecount="0"/>
          <line num="104" count="3" type="stmt"/>
          <line num="115" count="1" type="stmt"/>
          <line num="116" count="1" type="stmt"/>
          <line num="118" count="1" type="cond" truecount="1" falsecount="1"/>
          <line num="119" count="0" type="stmt"/>
          <line num="120" count="0" type="cond" truecount="0" falsecount="2"/>
          <line num="121" count="0" type="stmt"/>
          <line num="122" count="0" type="stmt"/>
          <line num="123" count="0" type="stmt"/>
          <line num="127" count="1" type="stmt"/>
          <line num="128" count="1" type="stmt"/>
          <line num="129" count="1" type="stmt"/>
          <line num="130" count="1" type="stmt"/>
          <line num="132" count="1" type="stmt"/>
          <line num="141" count="10" type="cond" truecount="2" falsecount="0"/>
          <line num="142" count="6" type="stmt"/>
          <line num="145" count="4" type="stmt"/>
          <line num="154" count="19" type="cond" truecount="2" falsecount="0"/>
          <line num="155" count="12" type="stmt"/>
          <line num="157" count="7" type="stmt"/>
        </file>
        <file name="VideoProvider.ts" path="/home/cdayjr/Projects/video-tag/src/classes/VideoProvider.ts">
          <metrics statements="49" coveredstatements="49" conditionals="23" coveredconditionals="23" methods="13" coveredmethods="13"/>
          <line num="4" count="12" type="stmt"/>
          <line num="11" count="2" type="stmt"/>
          <line num="18" count="1" type="stmt"/>
          <line num="25" count="15" type="stmt"/>
          <line num="32" count="49" type="cond" truecount="2" falsecount="0"/>
          <line num="34" count="49" type="stmt"/>
          <line num="35" count="49" type="stmt"/>
          <line num="36" count="49" type="stmt"/>
          <line num="37" count="106" type="cond" truecount="2" falsecount="0"/>
          <line num="38" count="99" type="stmt"/>
          <line num="39" count="99" type="stmt"/>
          <line num="41" count="7" type="stmt"/>
          <line num="45" count="49" type="stmt"/>
          <line num="52" count="80" type="stmt"/>
          <line num="53" count="80" type="stmt"/>
          <line num="54" count="113" type="stmt"/>
          <line num="56" count="80" type="cond" truecount="2" falsecount="0"/>
          <line num="57" count="59" type="stmt"/>
          <line num="60" count="80" type="stmt"/>
          <line num="71" count="110" type="stmt"/>
          <line num="72" count="110" type="stmt"/>
          <line num="75" count="110" type="stmt"/>
          <line num="77" count="110" type="cond" truecount="2" falsecount="0"/>
          <line num="82" count="76" type="stmt"/>
          <line num="85" count="34" type="stmt"/>
          <line num="96" count="22" type="stmt"/>
          <line num="99" count="22" type="stmt"/>
          <line num="101" count="22" type="stmt"/>
          <line num="103" count="22" type="cond" truecount="2" falsecount="0"/>
          <line num="104" count="8" type="stmt"/>
          <line num="105" count="8" type="cond" truecount="2" falsecount="0"/>
          <line num="106" count="7" type="stmt"/>
          <line num="109" count="22" type="cond" truecount="2" falsecount="0"/>
          <line num="110" count="14" type="stmt"/>
          <line num="111" count="14" type="cond" truecount="2" falsecount="0"/>
          <line num="112" count="8" type="stmt"/>
          <line num="115" count="22" type="cond" truecount="2" falsecount="0"/>
          <line num="116" count="20" type="stmt"/>
          <line num="117" count="20" type="cond" truecount="2" falsecount="0"/>
          <line num="118" count="19" type="stmt"/>
          <line num="122" count="22" type="stmt"/>
          <line num="133" count="6" type="stmt"/>
          <line num="134" count="6" type="stmt"/>
          <line num="135" count="6" type="stmt"/>
          <line num="136" count="6" type="stmt"/>
          <line num="142" count="89" type="stmt"/>
          <line num="149" count="89" type="stmt"/>
          <line num="161" count="9" type="stmt"/>
          <line num="170" count="80" type="stmt"/>
        </file>
      </package>
      <package name="src.classes.providers">
        <metrics statements="126" coveredstatements="126" conditionals="76" coveredconditionals="75" methods="12" coveredmethods="12"/>
        <file name="Twitch.ts" path="/home/cdayjr/Projects/video-tag/src/classes/providers/Twitch.ts">
          <metrics statements="44" coveredstatements="44" conditionals="32" coveredconditionals="32" methods="4" coveredmethods="4"/>
          <line num="1" count="7" type="stmt"/>
          <line num="3" count="7" type="stmt"/>
          <line num="8" count="29" type="stmt"/>
          <line num="10" count="29" type="cond" truecount="2" falsecount="0"/>
          <line num="11" count="20" type="stmt"/>
          <line num="12" count="20" type="stmt"/>
          <line num="14" count="20" type="stmt"/>
          <line num="17" count="20" type="cond" truecount="2" falsecount="0"/>
          <line num="18" count="17" type="stmt"/>
          <line num="20" count="17" type="cond" truecount="2" falsecount="0"/>
          <line num="21" count="1" type="stmt"/>
          <line num="22" count="16" type="cond" truecount="2" falsecount="0"/>
          <line num="25" count="9" type="stmt"/>
          <line num="27" count="17" type="cond" truecount="2" falsecount="0"/>
          <line num="28" count="12" type="stmt"/>
          <line num="30" count="12" type="cond" truecount="4" falsecount="0"/>
          <line num="31" count="6" type="cond" truecount="2" falsecount="0"/>
          <line num="32" count="2" type="stmt"/>
          <line num="33" count="4" type="cond" truecount="2" falsecount="0"/>
          <line num="34" count="3" type="stmt"/>
          <line num="37" count="12" type="cond" truecount="2" falsecount="0"/>
          <line num="38" count="7" type="stmt"/>
          <line num="49" count="9" type="cond" truecount="2" falsecount="0"/>
          <line num="50" count="1" type="stmt"/>
          <line num="51" count="8" type="cond" truecount="2" falsecount="0"/>
          <line num="52" count="1" type="stmt"/>
          <line num="53" count="7" type="cond" truecount="2" falsecount="0"/>
          <line num="54" count="1" type="stmt"/>
          <line num="64" count="9" type="stmt"/>
          <line num="66" count="9" type="stmt"/>
          <line num="73" count="21" type="stmt"/>
          <line num="80" count="21" type="stmt"/>
          <line num="81" count="21" type="cond" truecount="2" falsecount="0"/>
          <line num="83" count="4" type="stmt"/>
          <line num="86" count="17" type="cond" truecount="2" falsecount="0"/>
          <line num="88" count="10" type="stmt"/>
          <line num="91" count="10" type="cond" truecount="2" falsecount="0"/>
          <line num="92" count="3" type="stmt"/>
          <line num="98" count="7" type="stmt"/>
          <line num="101" count="14" type="stmt"/>
          <line num="102" count="14" type="stmt"/>
          <line num="103" count="14" type="stmt"/>
          <line num="105" count="14" type="stmt"/>
          <line num="107" count="14" type="stmt"/>
        </file>
        <file name="Vimeo.ts" path="/home/cdayjr/Projects/video-tag/src/classes/providers/Vimeo.ts">
          <metrics statements="30" coveredstatements="30" conditionals="14" coveredconditionals="14" methods="4" coveredmethods="4"/>
          <line num="1" count="7" type="stmt"/>
          <line num="3" count="7" type="stmt"/>
          <line num="8" count="25" type="stmt"/>
          <line num="10" count="25" type="cond" truecount="2" falsecount="0"/>
          <line num="11" count="18" type="stmt"/>
          <line num="12" count="18" type="stmt"/>
          <line num="14" count="18" type="stmt"/>
          <line num="17" count="18" type="cond" truecount="2" falsecount="0"/>
          <line num="18" count="13" type="stmt"/>
          <line num="20" count="13" type="stmt"/>
          <line num="22" count="13" type="cond" truecount="2" falsecount="0"/>
          <line num="23" count="8" type="stmt"/>
          <line num="27" count="8" type="cond" truecount="2" falsecount="0"/>
          <line num="28" count="7" type="stmt"/>
          <line num="39" count="7" type="cond" truecount="2" falsecount="0"/>
          <line num="42" count="1" type="stmt"/>
          <line num="52" count="7" type="stmt"/>
          <line num="54" count="7" type="stmt"/>
          <line num="61" count="19" type="stmt"/>
          <line num="68" count="17" type="cond" truecount="2" falsecount="0"/>
          <line num="69" count="7" type="stmt"/>
          <line num="72" count="10" type="stmt"/>
          <line num="73" count="10" type="stmt"/>
          <line num="74" count="10" type="stmt"/>
          <line num="75" count="10" type="stmt"/>
          <line num="77" count="10" type="stmt"/>
          <line num="81" count="10" type="cond" truecount="2" falsecount="0"/>
          <line num="82" count="3" type="stmt"/>
          <line num="88" count="10" type="stmt"/>
          <line num="90" count="10" type="stmt"/>
        </file>
        <file name="YouTube.ts" path="/home/cdayjr/Projects/video-tag/src/classes/providers/YouTube.ts">
          <metrics statements="52" coveredstatements="52" conditionals="30" coveredconditionals="29" methods="4" coveredmethods="4"/>
          <line num="1" count="7" type="stmt"/>
          <line num="6" count="7" type="stmt"/>
          <line num="13" count="35" type="stmt"/>
          <line num="15" count="35" type="cond" truecount="2" falsecount="0"/>
          <line num="16" count="26" type="stmt"/>
          <line num="17" count="26" type="stmt"/>
          <line num="20" count="26" type="stmt"/>
          <line num="23" count="26" type="cond" truecount="2" falsecount="0"/>
          <line num="24" count="4" type="stmt"/>
          <line num="26" count="4" type="stmt"/>
          <line num="28" count="4" type="stmt"/>
          <line num="32" count="4" type="cond" truecount="2" falsecount="0"/>
          <line num="33" count="2" type="stmt"/>
          <line num="34" count="2" type="cond" truecount="2" falsecount="0"/>
          <line num="35" count="1" type="stmt"/>
          <line num="39" count="4" type="stmt"/>
          <line num="43" count="22" type="stmt"/>
          <line num="44" count="22" type="cond" truecount="2" falsecount="0"/>
          <line num="45" count="16" type="stmt"/>
          <line num="48" count="16" type="cond" truecount="2" falsecount="0"/>
          <line num="49" count="15" type="stmt"/>
          <line num="51" count="16" type="cond" truecount="2" falsecount="0"/>
          <line num="53" count="3" type="stmt"/>
          <line num="54" count="3" type="cond" truecount="2" falsecount="0"/>
          <line num="55" count="2" type="stmt"/>
          <line num="57" count="13" type="cond" truecount="2" falsecount="0"/>
          <line num="59" count="8" type="stmt"/>
          <line num="63" count="8" type="cond" truecount="2" falsecount="0"/>
          <line num="65" count="2" type="stmt"/>
          <line num="66" count="2" type="cond" truecount="2" falsecount="0"/>
          <line num="67" count="1" type="stmt"/>
          <line num="70" count="6" type="stmt"/>
          <line num="74" count="16" type="stmt"/>
          <line num="78" count="6" type="stmt"/>
          <line num="79" count="6" type="cond" truecount="2" falsecount="0"/>
          <line num="80" count="1" type="stmt"/>
          <line num="82" count="1" type="stmt"/>
          <line num="84" count="9" type="cond" truecount="2" falsecount="0"/>
          <line num="88" count="1" type="stmt"/>
          <line num="101" count="5" type="stmt"/>
          <line num="103" count="5" type="stmt"/>
          <line num="110" count="17" type="stmt"/>
          <line num="117" count="11" type="cond" truecount="2" falsecount="0"/>
          <line num="118" count="10" type="stmt"/>
          <line num="121" count="1" type="stmt"/>
          <line num="124" count="1" type="cond" truecount="1" falsecount="1"/>
          <line num="125" count="1" type="stmt"/>
          <line num="128" count="1" type="stmt"/>
          <line num="129" count="1" type="stmt"/>
          <line num="130" count="1" type="stmt"/>
          <line num="135" count="1" type="stmt"/>
          <line num="137" count="1" type="stmt"/>
        </file>
      </package>
    </metrics>
  </project>
</coverage>
