{
  "/home/cdayjr/Projects/video-tag/src/providers.ts": {
    "path": "/home/cdayjr/Projects/video-tag/src/providers.ts",
    "statementMap": {
      "0": {
        "start": { "line": 1, "column": 0 },
        "end": { "line": 1, "column": 47 }
      },
      "1": {
        "start": { "line": 2, "column": 0 },
        "end": { "line": 2, "column": 45 }
      },
      "2": {
        "start": { "line": 3, "column": 0 },
        "end": { "line": 3, "column": 49 }
      },
      "3": {
        "start": { "line": 8, "column": 0 },
        "end": { "line": 8, "column": 40 }
      }
    },
    "fnMap": {},
    "branchMap": {},
    "s": { "0": 5, "1": 5, "2": 5, "3": 5 },
    "f": {},
    "b": {}
  },
  "/home/cdayjr/Projects/video-tag/src/classes/Video.style.scss": {
    "path": "/home/cdayjr/Projects/video-tag/src/classes/Video.style.scss",
    "statementMap": {
      "0": {
        "start": { "line": 4, "column": 4 },
        "end": { "line": 6, "column": 7 }
      },
      "1": {
        "start": { "line": 8, "column": 4 },
        "end": { "line": 8, "column": 120 }
      }
    },
    "fnMap": {},
    "branchMap": {},
    "s": { "0": 5, "1": 5 },
    "f": {},
    "b": {},
    "_coverageSchema": "332fd63041d2c1bcb487cc26dd0d5f7d97098a6c",
    "hash": "a84733bad6bf6b793f0d946cd93dd72036200529"
  },
  "/home/cdayjr/Projects/video-tag/src/classes/Video.ts": {
    "path": "/home/cdayjr/Projects/video-tag/src/classes/Video.ts",
    "statementMap": {
      "0": {
        "start": { "line": 1, "column": 0 },
        "end": { "line": 1, "column": 36 }
      },
      "1": {
        "start": { "line": 2, "column": 0 },
        "end": { "line": 2, "column": 38 }
      },
      "2": {
        "start": { "line": 3, "column": 0 },
        "end": { "line": 3, "column": 43 }
      },
      "3": {
        "start": { "line": 13, "column": 10 },
        "end": { "line": 13, "column": 58 }
      },
      "4": {
        "start": { "line": 25, "column": 4 },
        "end": { "line": 34, "column": 5 }
      },
      "5": {
        "start": { "line": 26, "column": 6 },
        "end": { "line": 29, "column": 8 }
      },
      "6": {
        "start": { "line": 30, "column": 11 },
        "end": { "line": 34, "column": 5 }
      },
      "7": {
        "start": { "line": 31, "column": 6 },
        "end": { "line": 33, "column": 8 }
      },
      "8": {
        "start": { "line": 47, "column": 4 },
        "end": { "line": 53, "column": 5 }
      },
      "9": {
        "start": { "line": 48, "column": 30 },
        "end": { "line": 48, "column": 42 }
      },
      "10": {
        "start": { "line": 49, "column": 6 },
        "end": { "line": 52, "column": 7 }
      },
      "11": {
        "start": { "line": 50, "column": 8 },
        "end": { "line": 50, "column": 35 }
      },
      "12": {
        "start": { "line": 51, "column": 8 },
        "end": { "line": 51, "column": 14 }
      },
      "13": {
        "start": { "line": 54, "column": 4 },
        "end": { "line": 56, "column": 5 }
      },
      "14": {
        "start": { "line": 55, "column": 6 },
        "end": { "line": 55, "column": 34 }
      },
      "15": {
        "start": { "line": 58, "column": 4 },
        "end": { "line": 58, "column": 21 }
      },
      "16": {
        "start": { "line": 74, "column": 4 },
        "end": { "line": 83, "column": 5 }
      },
      "17": {
        "start": { "line": 75, "column": 30 },
        "end": { "line": 75, "column": 42 }
      },
      "18": {
        "start": { "line": 76, "column": 6 },
        "end": { "line": 82, "column": 7 }
      },
      "19": {
        "start": { "line": 80, "column": 8 },
        "end": { "line": 80, "column": 35 }
      },
      "20": {
        "start": { "line": 81, "column": 8 },
        "end": { "line": 81, "column": 14 }
      },
      "21": {
        "start": { "line": 84, "column": 4 },
        "end": { "line": 86, "column": 5 }
      },
      "22": {
        "start": { "line": 85, "column": 6 },
        "end": { "line": 85, "column": 34 }
      },
      "23": {
        "start": { "line": 88, "column": 4 },
        "end": { "line": 88, "column": 21 }
      },
      "24": {
        "start": { "line": 99, "column": 4 },
        "end": { "line": 102, "column": 6 }
      },
      "25": {
        "start": { "line": 103, "column": 4 },
        "end": { "line": 105, "column": 5 }
      },
      "26": {
        "start": { "line": 104, "column": 6 },
        "end": { "line": 104, "column": 49 }
      },
      "27": {
        "start": { "line": 115, "column": 38 },
        "end": { "line": 115, "column": 67 }
      },
      "28": {
        "start": { "line": 116, "column": 4 },
        "end": { "line": 116, "column": 50 }
      },
      "29": {
        "start": { "line": 118, "column": 4 },
        "end": { "line": 125, "column": 5 }
      },
      "30": {
        "start": { "line": 119, "column": 27 },
        "end": { "line": 119, "column": 53 }
      },
      "31": {
        "start": { "line": 120, "column": 6 },
        "end": { "line": 124, "column": 7 }
      },
      "32": {
        "start": { "line": 121, "column": 8 },
        "end": { "line": 121, "column": 53 }
      },
      "33": {
        "start": { "line": 122, "column": 8 },
        "end": { "line": 122, "column": 44 }
      },
      "34": {
        "start": { "line": 123, "column": 8 },
        "end": { "line": 123, "column": 25 }
      },
      "35": {
        "start": { "line": 127, "column": 20 },
        "end": { "line": 127, "column": 47 }
      },
      "36": {
        "start": { "line": 128, "column": 4 },
        "end": { "line": 128, "column": 46 }
      },
      "37": {
        "start": { "line": 129, "column": 4 },
        "end": { "line": 129, "column": 42 }
      },
      "38": {
        "start": { "line": 130, "column": 4 },
        "end": { "line": 130, "column": 35 }
      },
      "39": {
        "start": { "line": 132, "column": 4 },
        "end": { "line": 132, "column": 21 }
      },
      "40": {
        "start": { "line": 141, "column": 4 },
        "end": { "line": 143, "column": 5 }
      },
      "41": {
        "start": { "line": 142, "column": 6 },
        "end": { "line": 142, "column": 43 }
      },
      "42": {
        "start": { "line": 145, "column": 4 },
        "end": { "line": 145, "column": 14 }
      },
      "43": {
        "start": { "line": 154, "column": 4 },
        "end": { "line": 156, "column": 5 }
      },
      "44": {
        "start": { "line": 155, "column": 6 },
        "end": { "line": 155, "column": 47 }
      },
      "45": {
        "start": { "line": 157, "column": 4 },
        "end": { "line": 157, "column": 21 }
      },
      "46": {
        "start": { "line": 9, "column": 0 },
        "end": { "line": 159, "column": 1 }
      }
    },
    "fnMap": {
      "0": {
        "name": "(anonymous_0)",
        "decl": {
          "start": { "line": 24, "column": 2 },
          "end": { "line": 24, "column": 20 }
        },
        "loc": {
          "start": { "line": 24, "column": 61 },
          "end": { "line": 35, "column": 3 }
        }
      },
      "1": {
        "name": "(anonymous_1)",
        "decl": {
          "start": { "line": 45, "column": 10 },
          "end": { "line": 45, "column": 15 }
        },
        "loc": {
          "start": { "line": 45, "column": 45 },
          "end": { "line": 59, "column": 3 }
        }
      },
      "2": {
        "name": "(anonymous_2)",
        "decl": {
          "start": { "line": 68, "column": 10 },
          "end": { "line": 68, "column": 15 }
        },
        "loc": {
          "start": { "line": 70, "column": 26 },
          "end": { "line": 89, "column": 3 }
        }
      },
      "3": {
        "name": "(anonymous_3)",
        "decl": {
          "start": { "line": 98, "column": 9 },
          "end": { "line": 98, "column": 21 }
        },
        "loc": {
          "start": { "line": 98, "column": 68 },
          "end": { "line": 106, "column": 3 }
        }
      },
      "4": {
        "name": "(anonymous_4)",
        "decl": {
          "start": { "line": 114, "column": 9 },
          "end": { "line": 114, "column": 18 }
        },
        "loc": {
          "start": { "line": 114, "column": 19 },
          "end": { "line": 133, "column": 3 }
        }
      },
      "5": {
        "name": "(anonymous_5)",
        "decl": {
          "start": { "line": 140, "column": 9 },
          "end": { "line": 140, "column": 21 }
        },
        "loc": {
          "start": { "line": 140, "column": 22 },
          "end": { "line": 146, "column": 3 }
        }
      },
      "6": {
        "name": "(anonymous_6)",
        "decl": {
          "start": { "line": 153, "column": 9 },
          "end": { "line": 153, "column": 19 }
        },
        "loc": {
          "start": { "line": 153, "column": 20 },
          "end": { "line": 158, "column": 3 }
        }
      }
    },
    "branchMap": {
      "0": {
        "loc": {
          "start": { "line": 25, "column": 4 },
          "end": { "line": 34, "column": 5 }
        },
        "type": "if",
        "locations": [
          {
            "start": { "line": 25, "column": 4 },
            "end": { "line": 34, "column": 5 }
          },
          {
            "start": { "line": 25, "column": 4 },
            "end": { "line": 34, "column": 5 }
          }
        ]
      },
      "1": {
        "loc": {
          "start": { "line": 25, "column": 8 },
          "end": { "line": 25, "column": 14 }
        },
        "type": "binary-expr",
        "locations": [
          {
            "start": { "line": 25, "column": 8 },
            "end": { "line": 25, "column": 14 }
          },
          {
            "start": { "line": 25, "column": 18 },
            "end": { "line": 25, "column": 32 }
          }
        ]
      },
      "2": {
        "loc": {
          "start": { "line": 30, "column": 11 },
          "end": { "line": 34, "column": 5 }
        },
        "type": "if",
        "locations": [
          {
            "start": { "line": 30, "column": 11 },
            "end": { "line": 34, "column": 5 }
          },
          {
            "start": { "line": 30, "column": 11 },
            "end": { "line": 34, "column": 5 }
          }
        ]
      },
      "3": {
        "loc": {
          "start": { "line": 49, "column": 6 },
          "end": { "line": 52, "column": 7 }
        },
        "type": "if",
        "locations": [
          {
            "start": { "line": 49, "column": 6 },
            "end": { "line": 52, "column": 7 }
          },
          {
            "start": { "line": 49, "column": 6 },
            "end": { "line": 52, "column": 7 }
          }
        ]
      },
      "4": {
        "loc": {
          "start": { "line": 54, "column": 4 },
          "end": { "line": 56, "column": 5 }
        },
        "type": "if",
        "locations": [
          {
            "start": { "line": 54, "column": 4 },
            "end": { "line": 56, "column": 5 }
          },
          {
            "start": { "line": 54, "column": 4 },
            "end": { "line": 56, "column": 5 }
          }
        ]
      },
      "5": {
        "loc": {
          "start": { "line": 76, "column": 6 },
          "end": { "line": 82, "column": 7 }
        },
        "type": "if",
        "locations": [
          {
            "start": { "line": 76, "column": 6 },
            "end": { "line": 82, "column": 7 }
          },
          {
            "start": { "line": 76, "column": 6 },
            "end": { "line": 82, "column": 7 }
          }
        ]
      },
      "6": {
        "loc": {
          "start": { "line": 84, "column": 4 },
          "end": { "line": 86, "column": 5 }
        },
        "type": "if",
        "locations": [
          {
            "start": { "line": 84, "column": 4 },
            "end": { "line": 86, "column": 5 }
          },
          {
            "start": { "line": 84, "column": 4 },
            "end": { "line": 86, "column": 5 }
          }
        ]
      },
      "7": {
        "loc": {
          "start": { "line": 103, "column": 4 },
          "end": { "line": 105, "column": 5 }
        },
        "type": "if",
        "locations": [
          {
            "start": { "line": 103, "column": 4 },
            "end": { "line": 105, "column": 5 }
          },
          {
            "start": { "line": 103, "column": 4 },
            "end": { "line": 105, "column": 5 }
          }
        ]
      },
      "8": {
        "loc": {
          "start": { "line": 118, "column": 4 },
          "end": { "line": 125, "column": 5 }
        },
        "type": "if",
        "locations": [
          {
            "start": { "line": 118, "column": 4 },
            "end": { "line": 125, "column": 5 }
          },
          {
            "start": { "line": 118, "column": 4 },
            "end": { "line": 125, "column": 5 }
          }
        ]
      },
      "9": {
        "loc": {
          "start": { "line": 120, "column": 6 },
          "end": { "line": 124, "column": 7 }
        },
        "type": "if",
        "locations": [
          {
            "start": { "line": 120, "column": 6 },
            "end": { "line": 124, "column": 7 }
          },
          {
            "start": { "line": 120, "column": 6 },
            "end": { "line": 124, "column": 7 }
          }
        ]
      },
      "10": {
        "loc": {
          "start": { "line": 141, "column": 4 },
          "end": { "line": 143, "column": 5 }
        },
        "type": "if",
        "locations": [
          {
            "start": { "line": 141, "column": 4 },
            "end": { "line": 143, "column": 5 }
          },
          {
            "start": { "line": 141, "column": 4 },
            "end": { "line": 143, "column": 5 }
          }
        ]
      },
      "11": {
        "loc": {
          "start": { "line": 154, "column": 4 },
          "end": { "line": 156, "column": 5 }
        },
        "type": "if",
        "locations": [
          {
            "start": { "line": 154, "column": 4 },
            "end": { "line": 156, "column": 5 }
          },
          {
            "start": { "line": 154, "column": 4 },
            "end": { "line": 156, "column": 5 }
          }
        ]
      }
    },
    "s": {
      "0": 5,
      "1": 5,
      "2": 5,
      "3": 16,
      "4": 16,
      "5": 3,
      "6": 13,
      "7": 9,
      "8": 9,
      "9": 21,
      "10": 21,
      "11": 6,
      "12": 6,
      "13": 9,
      "14": 6,
      "15": 3,
      "16": 9,
      "17": 21,
      "18": 21,
      "19": 6,
      "20": 6,
      "21": 9,
      "22": 6,
      "23": 3,
      "24": 6,
      "25": 6,
      "26": 3,
      "27": 1,
      "28": 1,
      "29": 1,
      "30": 0,
      "31": 0,
      "32": 0,
      "33": 0,
      "34": 0,
      "35": 1,
      "36": 1,
      "37": 1,
      "38": 1,
      "39": 1,
      "40": 10,
      "41": 6,
      "42": 4,
      "43": 19,
      "44": 12,
      "45": 7,
      "46": 5
    },
    "f": { "0": 16, "1": 9, "2": 9, "3": 6, "4": 1, "5": 10, "6": 19 },
    "b": {
      "0": [3, 13],
      "1": [16, 12],
      "2": [9, 4],
      "3": [6, 15],
      "4": [6, 3],
      "5": [6, 15],
      "6": [6, 3],
      "7": [3, 3],
      "8": [0, 1],
      "9": [0, 0],
      "10": [6, 4],
      "11": [12, 7]
    }
  },
  "/home/cdayjr/Projects/video-tag/src/classes/VideoProvider.ts": {
    "path": "/home/cdayjr/Projects/video-tag/src/classes/VideoProvider.ts",
    "statementMap": {
      "0": {
        "start": { "line": 142, "column": 12 },
        "end": { "line": 142, "column": 69 }
      },
      "1": {
        "start": { "line": 149, "column": 4 },
        "end": { "line": 149, "column": 11 }
      },
      "2": {
        "start": { "line": 11, "column": 4 },
        "end": { "line": 11, "column": 17 }
      },
      "3": {
        "start": { "line": 18, "column": 4 },
        "end": { "line": 18, "column": 21 }
      },
      "4": {
        "start": { "line": 25, "column": 4 },
        "end": { "line": 25, "column": 74 }
      },
      "5": {
        "start": { "line": 32, "column": 24 },
        "end": { "line": 32, "column": 76 }
      },
      "6": {
        "start": { "line": 34, "column": 18 },
        "end": { "line": 34, "column": 40 }
      },
      "7": {
        "start": { "line": 35, "column": 19 },
        "end": { "line": 35, "column": 44 }
      },
      "8": {
        "start": { "line": 36, "column": 4 },
        "end": { "line": 43, "column": 7 }
      },
      "9": {
        "start": { "line": 37, "column": 6 },
        "end": { "line": 42, "column": 7 }
      },
      "10": {
        "start": { "line": 38, "column": 29 },
        "end": { "line": 38, "column": 44 }
      },
      "11": {
        "start": { "line": 39, "column": 8 },
        "end": { "line": 39, "column": 71 }
      },
      "12": {
        "start": { "line": 41, "column": 8 },
        "end": { "line": 41, "column": 49 }
      },
      "13": {
        "start": { "line": 45, "column": 4 },
        "end": { "line": 45, "column": 18 }
      },
      "14": {
        "start": { "line": 52, "column": 22 },
        "end": { "line": 52, "column": 24 }
      },
      "15": {
        "start": { "line": 53, "column": 4 },
        "end": { "line": 55, "column": 7 }
      },
      "16": {
        "start": { "line": 54, "column": 6 },
        "end": { "line": 54, "column": 80 }
      },
      "17": {
        "start": { "line": 56, "column": 4 },
        "end": { "line": 58, "column": 5 }
      },
      "18": {
        "start": { "line": 57, "column": 6 },
        "end": { "line": 57, "column": 45 }
      },
      "19": {
        "start": { "line": 60, "column": 4 },
        "end": { "line": 60, "column": 23 }
      },
      "20": {
        "start": { "line": 71, "column": 36 },
        "end": { "line": 71, "column": 63 }
      },
      "21": {
        "start": { "line": 72, "column": 4 },
        "end": { "line": 72, "column": 38 }
      },
      "22": {
        "start": { "line": 75, "column": 26 },
        "end": { "line": 75, "column": 73 }
      },
      "23": {
        "start": { "line": 77, "column": 4 },
        "end": { "line": 83, "column": 5 }
      },
      "24": {
        "start": { "line": 82, "column": 6 },
        "end": { "line": 82, "column": 27 }
      },
      "25": {
        "start": { "line": 85, "column": 4 },
        "end": { "line": 85, "column": 14 }
      },
      "26": {
        "start": { "line": 96, "column": 18 },
        "end": { "line": 96, "column": 53 }
      },
      "27": {
        "start": { "line": 99, "column": 55 },
        "end": { "line": 99, "column": 60 }
      },
      "28": {
        "start": { "line": 101, "column": 16 },
        "end": { "line": 101, "column": 17 }
      },
      "29": {
        "start": { "line": 103, "column": 4 },
        "end": { "line": 108, "column": 5 }
      },
      "30": {
        "start": { "line": 104, "column": 20 },
        "end": { "line": 104, "column": 44 }
      },
      "31": {
        "start": { "line": 105, "column": 6 },
        "end": { "line": 107, "column": 7 }
      },
      "32": {
        "start": { "line": 106, "column": 8 },
        "end": { "line": 106, "column": 33 }
      },
      "33": {
        "start": { "line": 109, "column": 4 },
        "end": { "line": 114, "column": 5 }
      },
      "34": {
        "start": { "line": 110, "column": 22 },
        "end": { "line": 110, "column": 48 }
      },
      "35": {
        "start": { "line": 111, "column": 6 },
        "end": { "line": 113, "column": 7 }
      },
      "36": {
        "start": { "line": 112, "column": 8 },
        "end": { "line": 112, "column": 30 }
      },
      "37": {
        "start": { "line": 115, "column": 4 },
        "end": { "line": 120, "column": 5 }
      },
      "38": {
        "start": { "line": 116, "column": 22 },
        "end": { "line": 116, "column": 48 }
      },
      "39": {
        "start": { "line": 117, "column": 6 },
        "end": { "line": 119, "column": 7 }
      },
      "40": {
        "start": { "line": 118, "column": 8 },
        "end": { "line": 118, "column": 25 }
      },
      "41": {
        "start": { "line": 122, "column": 4 },
        "end": { "line": 122, "column": 17 }
      },
      "42": {
        "start": { "line": 133, "column": 18 },
        "end": { "line": 133, "column": 54 }
      },
      "43": {
        "start": { "line": 134, "column": 20 },
        "end": { "line": 134, "column": 69 }
      },
      "44": {
        "start": { "line": 135, "column": 20 },
        "end": { "line": 135, "column": 67 }
      },
      "45": {
        "start": { "line": 136, "column": 4 },
        "end": { "line": 136, "column": 45 }
      },
      "46": {
        "start": { "line": 161, "column": 4 },
        "end": { "line": 163, "column": 6 }
      },
      "47": {
        "start": { "line": 170, "column": 4 },
        "end": { "line": 172, "column": 6 }
      },
      "48": {
        "start": { "line": 4, "column": 0 },
        "end": { "line": 174, "column": 1 }
      }
    },
    "fnMap": {
      "0": {
        "name": "(anonymous_0)",
        "decl": {
          "start": { "line": 148, "column": 2 },
          "end": { "line": 148, "column": 20 }
        },
        "loc": {
          "start": { "line": 148, "column": 35 },
          "end": { "line": 150, "column": 3 }
        }
      },
      "1": {
        "name": "(anonymous_1)",
        "decl": {
          "start": { "line": 10, "column": 9 },
          "end": { "line": 10, "column": 14 }
        },
        "loc": {
          "start": { "line": 10, "column": 41 },
          "end": { "line": 12, "column": 3 }
        }
      },
      "2": {
        "name": "(anonymous_2)",
        "decl": {
          "start": { "line": 17, "column": 9 },
          "end": { "line": 17, "column": 14 }
        },
        "loc": {
          "start": { "line": 17, "column": 33 },
          "end": { "line": 19, "column": 3 }
        }
      },
      "3": {
        "name": "(anonymous_3)",
        "decl": {
          "start": { "line": 24, "column": 9 },
          "end": { "line": 24, "column": 25 }
        },
        "loc": {
          "start": { "line": 24, "column": 26 },
          "end": { "line": 26, "column": 3 }
        }
      },
      "4": {
        "name": "(anonymous_4)",
        "decl": {
          "start": { "line": 31, "column": 12 },
          "end": { "line": 31, "column": 17 }
        },
        "loc": {
          "start": { "line": 31, "column": 46 },
          "end": { "line": 46, "column": 3 }
        }
      },
      "5": {
        "name": "(anonymous_5)",
        "decl": {
          "start": { "line": 36, "column": 18 },
          "end": { "line": 36, "column": 21 }
        },
        "loc": {
          "start": { "line": 36, "column": 25 },
          "end": { "line": 43, "column": 5 }
        }
      },
      "6": {
        "name": "(anonymous_6)",
        "decl": {
          "start": { "line": 51, "column": 12 },
          "end": { "line": 51, "column": 17 }
        },
        "loc": {
          "start": { "line": 51, "column": 59 },
          "end": { "line": 61, "column": 3 }
        }
      },
      "7": {
        "name": "(anonymous_7)",
        "decl": {
          "start": { "line": 53, "column": 18 },
          "end": { "line": 53, "column": 19 }
        },
        "loc": {
          "start": { "line": 53, "column": 33 },
          "end": { "line": 55, "column": 5 }
        }
      },
      "8": {
        "name": "(anonymous_8)",
        "decl": {
          "start": { "line": 70, "column": 12 },
          "end": { "line": 70, "column": 17 }
        },
        "loc": {
          "start": { "line": 70, "column": 45 },
          "end": { "line": 86, "column": 3 }
        }
      },
      "9": {
        "name": "(anonymous_9)",
        "decl": {
          "start": { "line": 95, "column": 12 },
          "end": { "line": 95, "column": 17 }
        },
        "loc": {
          "start": { "line": 95, "column": 45 },
          "end": { "line": 123, "column": 3 }
        }
      },
      "10": {
        "name": "(anonymous_10)",
        "decl": {
          "start": { "line": 132, "column": 12 },
          "end": { "line": 132, "column": 17 }
        },
        "loc": {
          "start": { "line": 132, "column": 53 },
          "end": { "line": 137, "column": 3 }
        }
      },
      "11": {
        "name": "(anonymous_11)",
        "decl": {
          "start": { "line": 160, "column": 9 },
          "end": { "line": 160, "column": 21 }
        },
        "loc": {
          "start": { "line": 160, "column": 38 },
          "end": { "line": 164, "column": 3 }
        }
      },
      "12": {
        "name": "(anonymous_12)",
        "decl": {
          "start": { "line": 169, "column": 9 },
          "end": { "line": 169, "column": 21 }
        },
        "loc": {
          "start": { "line": 169, "column": 22 },
          "end": { "line": 173, "column": 3 }
        }
      }
    },
    "branchMap": {
      "0": {
        "loc": {
          "start": { "line": 32, "column": 53 },
          "end": { "line": 32, "column": 68 }
        },
        "type": "cond-expr",
        "locations": [
          {
            "start": { "line": 32, "column": 53 },
            "end": { "line": 32, "column": 68 }
          },
          {
            "start": { "line": 32, "column": 71 },
            "end": { "line": 32, "column": 76 }
          }
        ]
      },
      "1": {
        "loc": {
          "start": { "line": 37, "column": 6 },
          "end": { "line": 42, "column": 7 }
        },
        "type": "if",
        "locations": [
          {
            "start": { "line": 37, "column": 6 },
            "end": { "line": 42, "column": 7 }
          },
          {
            "start": { "line": 37, "column": 6 },
            "end": { "line": 42, "column": 7 }
          }
        ]
      },
      "2": {
        "loc": {
          "start": { "line": 56, "column": 4 },
          "end": { "line": 58, "column": 5 }
        },
        "type": "if",
        "locations": [
          {
            "start": { "line": 56, "column": 4 },
            "end": { "line": 58, "column": 5 }
          },
          {
            "start": { "line": 56, "column": 4 },
            "end": { "line": 58, "column": 5 }
          }
        ]
      },
      "3": {
        "loc": {
          "start": { "line": 77, "column": 4 },
          "end": { "line": 83, "column": 5 }
        },
        "type": "if",
        "locations": [
          {
            "start": { "line": 77, "column": 4 },
            "end": { "line": 83, "column": 5 }
          },
          {
            "start": { "line": 77, "column": 4 },
            "end": { "line": 83, "column": 5 }
          }
        ]
      },
      "4": {
        "loc": {
          "start": { "line": 78, "column": 6 },
          "end": { "line": 78, "column": 33 }
        },
        "type": "binary-expr",
        "locations": [
          {
            "start": { "line": 78, "column": 6 },
            "end": { "line": 78, "column": 33 }
          },
          {
            "start": { "line": 79, "column": 6 },
            "end": { "line": 79, "column": 48 }
          },
          {
            "start": { "line": 80, "column": 6 },
            "end": { "line": 80, "column": 50 }
          }
        ]
      },
      "5": {
        "loc": {
          "start": { "line": 103, "column": 4 },
          "end": { "line": 108, "column": 5 }
        },
        "type": "if",
        "locations": [
          {
            "start": { "line": 103, "column": 4 },
            "end": { "line": 108, "column": 5 }
          },
          {
            "start": { "line": 103, "column": 4 },
            "end": { "line": 108, "column": 5 }
          }
        ]
      },
      "6": {
        "loc": {
          "start": { "line": 105, "column": 6 },
          "end": { "line": 107, "column": 7 }
        },
        "type": "if",
        "locations": [
          {
            "start": { "line": 105, "column": 6 },
            "end": { "line": 107, "column": 7 }
          },
          {
            "start": { "line": 105, "column": 6 },
            "end": { "line": 107, "column": 7 }
          }
        ]
      },
      "7": {
        "loc": {
          "start": { "line": 109, "column": 4 },
          "end": { "line": 114, "column": 5 }
        },
        "type": "if",
        "locations": [
          {
            "start": { "line": 109, "column": 4 },
            "end": { "line": 114, "column": 5 }
          },
          {
            "start": { "line": 109, "column": 4 },
            "end": { "line": 114, "column": 5 }
          }
        ]
      },
      "8": {
        "loc": {
          "start": { "line": 111, "column": 6 },
          "end": { "line": 113, "column": 7 }
        },
        "type": "if",
        "locations": [
          {
            "start": { "line": 111, "column": 6 },
            "end": { "line": 113, "column": 7 }
          },
          {
            "start": { "line": 111, "column": 6 },
            "end": { "line": 113, "column": 7 }
          }
        ]
      },
      "9": {
        "loc": {
          "start": { "line": 115, "column": 4 },
          "end": { "line": 120, "column": 5 }
        },
        "type": "if",
        "locations": [
          {
            "start": { "line": 115, "column": 4 },
            "end": { "line": 120, "column": 5 }
          },
          {
            "start": { "line": 115, "column": 4 },
            "end": { "line": 120, "column": 5 }
          }
        ]
      },
      "10": {
        "loc": {
          "start": { "line": 117, "column": 6 },
          "end": { "line": 119, "column": 7 }
        },
        "type": "if",
        "locations": [
          {
            "start": { "line": 117, "column": 6 },
            "end": { "line": 119, "column": 7 }
          },
          {
            "start": { "line": 117, "column": 6 },
            "end": { "line": 119, "column": 7 }
          }
        ]
      }
    },
    "s": {
      "0": 89,
      "1": 89,
      "2": 2,
      "3": 1,
      "4": 15,
      "5": 49,
      "6": 49,
      "7": 49,
      "8": 49,
      "9": 106,
      "10": 99,
      "11": 99,
      "12": 7,
      "13": 49,
      "14": 80,
      "15": 80,
      "16": 113,
      "17": 80,
      "18": 59,
      "19": 80,
      "20": 110,
      "21": 110,
      "22": 110,
      "23": 110,
      "24": 76,
      "25": 34,
      "26": 22,
      "27": 22,
      "28": 22,
      "29": 22,
      "30": 8,
      "31": 8,
      "32": 7,
      "33": 22,
      "34": 14,
      "35": 14,
      "36": 8,
      "37": 22,
      "38": 20,
      "39": 20,
      "40": 19,
      "41": 22,
      "42": 6,
      "43": 6,
      "44": 6,
      "45": 6,
      "46": 9,
      "47": 80,
      "48": 12
    },
    "f": {
      "0": 89,
      "1": 2,
      "2": 1,
      "3": 15,
      "4": 49,
      "5": 106,
      "6": 80,
      "7": 113,
      "8": 110,
      "9": 22,
      "10": 6,
      "11": 9,
      "12": 80
    },
    "b": {
      "0": [34, 15],
      "1": [99, 7],
      "2": [59, 21],
      "3": [76, 34],
      "4": [110, 104, 34],
      "5": [8, 14],
      "6": [7, 1],
      "7": [14, 8],
      "8": [8, 6],
      "9": [20, 2],
      "10": [19, 1]
    }
  },
  "/home/cdayjr/Projects/video-tag/src/classes/providers/Twitch.ts": {
    "path": "/home/cdayjr/Projects/video-tag/src/classes/providers/Twitch.ts",
    "statementMap": {
      "0": {
        "start": { "line": 1, "column": 0 },
        "end": { "line": 1, "column": 44 }
      },
      "1": {
        "start": { "line": 8, "column": 4 },
        "end": { "line": 8, "column": 18 }
      },
      "2": {
        "start": { "line": 10, "column": 4 },
        "end": { "line": 55, "column": 5 }
      },
      "3": {
        "start": { "line": 11, "column": 19 },
        "end": { "line": 11, "column": 46 }
      },
      "4": {
        "start": { "line": 12, "column": 6 },
        "end": { "line": 12, "column": 47 }
      },
      "5": {
        "start": { "line": 14, "column": 20 },
        "end": { "line": 16, "column": 7 }
      },
      "6": {
        "start": { "line": 17, "column": 6 },
        "end": { "line": 48, "column": 7 }
      },
      "7": {
        "start": { "line": 18, "column": 42 },
        "end": { "line": 18, "column": 47 }
      },
      "8": {
        "start": { "line": 20, "column": 8 },
        "end": { "line": 26, "column": 9 }
      },
      "9": {
        "start": { "line": 21, "column": 10 },
        "end": { "line": 21, "column": 52 }
      },
      "10": {
        "start": { "line": 22, "column": 15 },
        "end": { "line": 26, "column": 9 }
      },
      "11": {
        "start": { "line": 25, "column": 10 },
        "end": { "line": 25, "column": 48 }
      },
      "12": {
        "start": { "line": 27, "column": 8 },
        "end": { "line": 47, "column": 9 }
      },
      "13": {
        "start": { "line": 28, "column": 26 },
        "end": { "line": 29, "column": 76 }
      },
      "14": {
        "start": { "line": 30, "column": 10 },
        "end": { "line": 36, "column": 11 }
      },
      "15": {
        "start": { "line": 31, "column": 12 },
        "end": { "line": 35, "column": 13 }
      },
      "16": {
        "start": { "line": 32, "column": 14 },
        "end": { "line": 32, "column": 73 }
      },
      "17": {
        "start": { "line": 33, "column": 19 },
        "end": { "line": 35, "column": 13 }
      },
      "18": {
        "start": { "line": 34, "column": 14 },
        "end": { "line": 34, "column": 66 }
      },
      "19": {
        "start": { "line": 37, "column": 10 },
        "end": { "line": 46, "column": 11 }
      },
      "20": {
        "start": { "line": 38, "column": 12 },
        "end": { "line": 45, "column": 14 }
      },
      "21": {
        "start": { "line": 49, "column": 11 },
        "end": { "line": 55, "column": 5 }
      },
      "22": {
        "start": { "line": 50, "column": 6 },
        "end": { "line": 50, "column": 43 }
      },
      "23": {
        "start": { "line": 51, "column": 11 },
        "end": { "line": 55, "column": 5 }
      },
      "24": {
        "start": { "line": 52, "column": 6 },
        "end": { "line": 52, "column": 37 }
      },
      "25": {
        "start": { "line": 53, "column": 11 },
        "end": { "line": 55, "column": 5 }
      },
      "26": {
        "start": { "line": 54, "column": 6 },
        "end": { "line": 54, "column": 42 }
      },
      "27": {
        "start": { "line": 64, "column": 29 },
        "end": { "line": 64, "column": 53 }
      },
      "28": {
        "start": { "line": 66, "column": 4 },
        "end": { "line": 66, "column": 53 }
      },
      "29": {
        "start": { "line": 73, "column": 4 },
        "end": { "line": 73, "column": 20 }
      },
      "30": {
        "start": { "line": 80, "column": 24 },
        "end": { "line": 80, "column": 26 }
      },
      "31": {
        "start": { "line": 81, "column": 4 },
        "end": { "line": 99, "column": 5 }
      },
      "32": {
        "start": { "line": 83, "column": 6 },
        "end": { "line": 85, "column": 10 }
      },
      "33": {
        "start": { "line": 86, "column": 11 },
        "end": { "line": 99, "column": 5 }
      },
      "34": {
        "start": { "line": 88, "column": 6 },
        "end": { "line": 90, "column": 10 }
      },
      "35": {
        "start": { "line": 91, "column": 6 },
        "end": { "line": 96, "column": 7 }
      },
      "36": {
        "start": { "line": 92, "column": 8 },
        "end": { "line": 95, "column": 12 }
      },
      "37": {
        "start": { "line": 98, "column": 6 },
        "end": { "line": 98, "column": 18 }
      },
      "38": {
        "start": { "line": 101, "column": 19 },
        "end": { "line": 101, "column": 51 }
      },
      "39": {
        "start": { "line": 102, "column": 4 },
        "end": { "line": 102, "column": 47 }
      },
      "40": {
        "start": { "line": 103, "column": 4 },
        "end": { "line": 103, "column": 43 }
      },
      "41": {
        "start": { "line": 105, "column": 4 },
        "end": { "line": 105, "column": 31 }
      },
      "42": {
        "start": { "line": 107, "column": 4 },
        "end": { "line": 107, "column": 18 }
      },
      "43": {
        "start": { "line": 3, "column": 0 },
        "end": { "line": 109, "column": 1 }
      }
    },
    "fnMap": {
      "0": {
        "name": "(anonymous_0)",
        "decl": {
          "start": { "line": 7, "column": 2 },
          "end": { "line": 7, "column": 20 }
        },
        "loc": {
          "start": { "line": 7, "column": 35 },
          "end": { "line": 56, "column": 3 }
        }
      },
      "1": {
        "name": "(anonymous_1)",
        "decl": {
          "start": { "line": 62, "column": 9 },
          "end": { "line": 62, "column": 14 }
        },
        "loc": {
          "start": { "line": 62, "column": 41 },
          "end": { "line": 67, "column": 3 }
        }
      },
      "2": {
        "name": "(anonymous_2)",
        "decl": {
          "start": { "line": 72, "column": 9 },
          "end": { "line": 72, "column": 14 }
        },
        "loc": {
          "start": { "line": 72, "column": 33 },
          "end": { "line": 74, "column": 3 }
        }
      },
      "3": {
        "name": "(anonymous_3)",
        "decl": {
          "start": { "line": 79, "column": 9 },
          "end": { "line": 79, "column": 18 }
        },
        "loc": {
          "start": { "line": 79, "column": 19 },
          "end": { "line": 108, "column": 3 }
        }
      }
    },
    "branchMap": {
      "0": {
        "loc": {
          "start": { "line": 10, "column": 4 },
          "end": { "line": 55, "column": 5 }
        },
        "type": "if",
        "locations": [
          {
            "start": { "line": 10, "column": 4 },
            "end": { "line": 55, "column": 5 }
          },
          {
            "start": { "line": 10, "column": 4 },
            "end": { "line": 55, "column": 5 }
          }
        ]
      },
      "1": {
        "loc": {
          "start": { "line": 17, "column": 6 },
          "end": { "line": 48, "column": 7 }
        },
        "type": "if",
        "locations": [
          {
            "start": { "line": 17, "column": 6 },
            "end": { "line": 48, "column": 7 }
          },
          {
            "start": { "line": 17, "column": 6 },
            "end": { "line": 48, "column": 7 }
          }
        ]
      },
      "2": {
        "loc": {
          "start": { "line": 20, "column": 8 },
          "end": { "line": 26, "column": 9 }
        },
        "type": "if",
        "locations": [
          {
            "start": { "line": 20, "column": 8 },
            "end": { "line": 26, "column": 9 }
          },
          {
            "start": { "line": 20, "column": 8 },
            "end": { "line": 26, "column": 9 }
          }
        ]
      },
      "3": {
        "loc": {
          "start": { "line": 22, "column": 15 },
          "end": { "line": 26, "column": 9 }
        },
        "type": "if",
        "locations": [
          {
            "start": { "line": 22, "column": 15 },
            "end": { "line": 26, "column": 9 }
          },
          {
            "start": { "line": 22, "column": 15 },
            "end": { "line": 26, "column": 9 }
          }
        ]
      },
      "4": {
        "loc": {
          "start": { "line": 27, "column": 8 },
          "end": { "line": 47, "column": 9 }
        },
        "type": "if",
        "locations": [
          {
            "start": { "line": 27, "column": 8 },
            "end": { "line": 47, "column": 9 }
          },
          {
            "start": { "line": 27, "column": 8 },
            "end": { "line": 47, "column": 9 }
          }
        ]
      },
      "5": {
        "loc": {
          "start": { "line": 30, "column": 10 },
          "end": { "line": 36, "column": 11 }
        },
        "type": "if",
        "locations": [
          {
            "start": { "line": 30, "column": 10 },
            "end": { "line": 36, "column": 11 }
          },
          {
            "start": { "line": 30, "column": 10 },
            "end": { "line": 36, "column": 11 }
          }
        ]
      },
      "6": {
        "loc": {
          "start": { "line": 30, "column": 14 },
          "end": { "line": 30, "column": 42 }
        },
        "type": "binary-expr",
        "locations": [
          {
            "start": { "line": 30, "column": 14 },
            "end": { "line": 30, "column": 42 }
          },
          {
            "start": { "line": 30, "column": 46 },
            "end": { "line": 30, "column": 69 }
          }
        ]
      },
      "7": {
        "loc": {
          "start": { "line": 31, "column": 12 },
          "end": { "line": 35, "column": 13 }
        },
        "type": "if",
        "locations": [
          {
            "start": { "line": 31, "column": 12 },
            "end": { "line": 35, "column": 13 }
          },
          {
            "start": { "line": 31, "column": 12 },
            "end": { "line": 35, "column": 13 }
          }
        ]
      },
      "8": {
        "loc": {
          "start": { "line": 33, "column": 19 },
          "end": { "line": 35, "column": 13 }
        },
        "type": "if",
        "locations": [
          {
            "start": { "line": 33, "column": 19 },
            "end": { "line": 35, "column": 13 }
          },
          {
            "start": { "line": 33, "column": 19 },
            "end": { "line": 35, "column": 13 }
          }
        ]
      },
      "9": {
        "loc": {
          "start": { "line": 37, "column": 10 },
          "end": { "line": 46, "column": 11 }
        },
        "type": "if",
        "locations": [
          {
            "start": { "line": 37, "column": 10 },
            "end": { "line": 46, "column": 11 }
          },
          {
            "start": { "line": 37, "column": 10 },
            "end": { "line": 46, "column": 11 }
          }
        ]
      },
      "10": {
        "loc": {
          "start": { "line": 49, "column": 11 },
          "end": { "line": 55, "column": 5 }
        },
        "type": "if",
        "locations": [
          {
            "start": { "line": 49, "column": 11 },
            "end": { "line": 55, "column": 5 }
          },
          {
            "start": { "line": 49, "column": 11 },
            "end": { "line": 55, "column": 5 }
          }
        ]
      },
      "11": {
        "loc": {
          "start": { "line": 51, "column": 11 },
          "end": { "line": 55, "column": 5 }
        },
        "type": "if",
        "locations": [
          {
            "start": { "line": 51, "column": 11 },
            "end": { "line": 55, "column": 5 }
          },
          {
            "start": { "line": 51, "column": 11 },
            "end": { "line": 55, "column": 5 }
          }
        ]
      },
      "12": {
        "loc": {
          "start": { "line": 53, "column": 11 },
          "end": { "line": 55, "column": 5 }
        },
        "type": "if",
        "locations": [
          {
            "start": { "line": 53, "column": 11 },
            "end": { "line": 55, "column": 5 }
          },
          {
            "start": { "line": 53, "column": 11 },
            "end": { "line": 55, "column": 5 }
          }
        ]
      },
      "13": {
        "loc": {
          "start": { "line": 81, "column": 4 },
          "end": { "line": 99, "column": 5 }
        },
        "type": "if",
        "locations": [
          {
            "start": { "line": 81, "column": 4 },
            "end": { "line": 99, "column": 5 }
          },
          {
            "start": { "line": 81, "column": 4 },
            "end": { "line": 99, "column": 5 }
          }
        ]
      },
      "14": {
        "loc": {
          "start": { "line": 86, "column": 11 },
          "end": { "line": 99, "column": 5 }
        },
        "type": "if",
        "locations": [
          {
            "start": { "line": 86, "column": 11 },
            "end": { "line": 99, "column": 5 }
          },
          {
            "start": { "line": 86, "column": 11 },
            "end": { "line": 99, "column": 5 }
          }
        ]
      },
      "15": {
        "loc": {
          "start": { "line": 91, "column": 6 },
          "end": { "line": 96, "column": 7 }
        },
        "type": "if",
        "locations": [
          {
            "start": { "line": 91, "column": 6 },
            "end": { "line": 96, "column": 7 }
          },
          {
            "start": { "line": 91, "column": 6 },
            "end": { "line": 96, "column": 7 }
          }
        ]
      }
    },
    "s": {
      "0": 7,
      "1": 29,
      "2": 29,
      "3": 20,
      "4": 20,
      "5": 20,
      "6": 20,
      "7": 17,
      "8": 17,
      "9": 1,
      "10": 16,
      "11": 9,
      "12": 17,
      "13": 12,
      "14": 12,
      "15": 6,
      "16": 2,
      "17": 4,
      "18": 3,
      "19": 12,
      "20": 7,
      "21": 9,
      "22": 1,
      "23": 8,
      "24": 1,
      "25": 7,
      "26": 1,
      "27": 9,
      "28": 9,
      "29": 21,
      "30": 21,
      "31": 21,
      "32": 4,
      "33": 17,
      "34": 10,
      "35": 10,
      "36": 3,
      "37": 7,
      "38": 14,
      "39": 14,
      "40": 14,
      "41": 14,
      "42": 14,
      "43": 7
    },
    "f": { "0": 29, "1": 9, "2": 21, "3": 21 },
    "b": {
      "0": [20, 9],
      "1": [17, 3],
      "2": [1, 16],
      "3": [9, 7],
      "4": [12, 5],
      "5": [6, 6],
      "6": [12, 12],
      "7": [2, 4],
      "8": [3, 1],
      "9": [7, 5],
      "10": [1, 8],
      "11": [1, 7],
      "12": [1, 6],
      "13": [4, 17],
      "14": [10, 7],
      "15": [3, 7]
    }
  },
  "/home/cdayjr/Projects/video-tag/src/classes/providers/Vimeo.ts": {
    "path": "/home/cdayjr/Projects/video-tag/src/classes/providers/Vimeo.ts",
    "statementMap": {
      "0": {
        "start": { "line": 1, "column": 0 },
        "end": { "line": 1, "column": 44 }
      },
      "1": {
        "start": { "line": 8, "column": 4 },
        "end": { "line": 8, "column": 18 }
      },
      "2": {
        "start": { "line": 10, "column": 4 },
        "end": { "line": 43, "column": 5 }
      },
      "3": {
        "start": { "line": 11, "column": 19 },
        "end": { "line": 11, "column": 46 }
      },
      "4": {
        "start": { "line": 12, "column": 6 },
        "end": { "line": 12, "column": 47 }
      },
      "5": {
        "start": { "line": 14, "column": 20 },
        "end": { "line": 16, "column": 7 }
      },
      "6": {
        "start": { "line": 17, "column": 6 },
        "end": { "line": 38, "column": 7 }
      },
      "7": {
        "start": { "line": 18, "column": 28 },
        "end": { "line": 18, "column": 33 }
      },
      "8": {
        "start": { "line": 20, "column": 8 },
        "end": { "line": 20, "column": 40 }
      },
      "9": {
        "start": { "line": 22, "column": 8 },
        "end": { "line": 37, "column": 9 }
      },
      "10": {
        "start": { "line": 23, "column": 26 },
        "end": { "line": 26, "column": 11 }
      },
      "11": {
        "start": { "line": 27, "column": 10 },
        "end": { "line": 36, "column": 11 }
      },
      "12": {
        "start": { "line": 28, "column": 12 },
        "end": { "line": 35, "column": 14 }
      },
      "13": {
        "start": { "line": 39, "column": 11 },
        "end": { "line": 43, "column": 5 }
      },
      "14": {
        "start": { "line": 42, "column": 6 },
        "end": { "line": 42, "column": 37 }
      },
      "15": {
        "start": { "line": 52, "column": 29 },
        "end": { "line": 52, "column": 53 }
      },
      "16": {
        "start": { "line": 54, "column": 4 },
        "end": { "line": 54, "column": 53 }
      },
      "17": {
        "start": { "line": 61, "column": 4 },
        "end": { "line": 61, "column": 19 }
      },
      "18": {
        "start": { "line": 68, "column": 4 },
        "end": { "line": 70, "column": 5 }
      },
      "19": {
        "start": { "line": 69, "column": 6 },
        "end": { "line": 69, "column": 18 }
      },
      "20": {
        "start": { "line": 72, "column": 19 },
        "end": { "line": 72, "column": 51 }
      },
      "21": {
        "start": { "line": 73, "column": 4 },
        "end": { "line": 73, "column": 47 }
      },
      "22": {
        "start": { "line": 74, "column": 4 },
        "end": { "line": 74, "column": 53 }
      },
      "23": {
        "start": { "line": 75, "column": 4 },
        "end": { "line": 75, "column": 50 }
      },
      "24": {
        "start": { "line": 77, "column": 24 },
        "end": { "line": 79, "column": 59 }
      },
      "25": {
        "start": { "line": 81, "column": 4 },
        "end": { "line": 86, "column": 5 }
      },
      "26": {
        "start": { "line": 82, "column": 6 },
        "end": { "line": 85, "column": 10 }
      },
      "27": {
        "start": { "line": 88, "column": 4 },
        "end": { "line": 88, "column": 31 }
      },
      "28": {
        "start": { "line": 90, "column": 4 },
        "end": { "line": 90, "column": 18 }
      },
      "29": {
        "start": { "line": 3, "column": 0 },
        "end": { "line": 92, "column": 1 }
      }
    },
    "fnMap": {
      "0": {
        "name": "(anonymous_0)",
        "decl": {
          "start": { "line": 7, "column": 2 },
          "end": { "line": 7, "column": 20 }
        },
        "loc": {
          "start": { "line": 7, "column": 35 },
          "end": { "line": 44, "column": 3 }
        }
      },
      "1": {
        "name": "(anonymous_1)",
        "decl": {
          "start": { "line": 50, "column": 9 },
          "end": { "line": 50, "column": 14 }
        },
        "loc": {
          "start": { "line": 50, "column": 41 },
          "end": { "line": 55, "column": 3 }
        }
      },
      "2": {
        "name": "(anonymous_2)",
        "decl": {
          "start": { "line": 60, "column": 9 },
          "end": { "line": 60, "column": 14 }
        },
        "loc": {
          "start": { "line": 60, "column": 33 },
          "end": { "line": 62, "column": 3 }
        }
      },
      "3": {
        "name": "(anonymous_3)",
        "decl": {
          "start": { "line": 67, "column": 9 },
          "end": { "line": 67, "column": 18 }
        },
        "loc": {
          "start": { "line": 67, "column": 19 },
          "end": { "line": 91, "column": 3 }
        }
      }
    },
    "branchMap": {
      "0": {
        "loc": {
          "start": { "line": 10, "column": 4 },
          "end": { "line": 43, "column": 5 }
        },
        "type": "if",
        "locations": [
          {
            "start": { "line": 10, "column": 4 },
            "end": { "line": 43, "column": 5 }
          },
          {
            "start": { "line": 10, "column": 4 },
            "end": { "line": 43, "column": 5 }
          }
        ]
      },
      "1": {
        "loc": {
          "start": { "line": 17, "column": 6 },
          "end": { "line": 38, "column": 7 }
        },
        "type": "if",
        "locations": [
          {
            "start": { "line": 17, "column": 6 },
            "end": { "line": 38, "column": 7 }
          },
          {
            "start": { "line": 17, "column": 6 },
            "end": { "line": 38, "column": 7 }
          }
        ]
      },
      "2": {
        "loc": {
          "start": { "line": 22, "column": 8 },
          "end": { "line": 37, "column": 9 }
        },
        "type": "if",
        "locations": [
          {
            "start": { "line": 22, "column": 8 },
            "end": { "line": 37, "column": 9 }
          },
          {
            "start": { "line": 22, "column": 8 },
            "end": { "line": 37, "column": 9 }
          }
        ]
      },
      "3": {
        "loc": {
          "start": { "line": 27, "column": 10 },
          "end": { "line": 36, "column": 11 }
        },
        "type": "if",
        "locations": [
          {
            "start": { "line": 27, "column": 10 },
            "end": { "line": 36, "column": 11 }
          },
          {
            "start": { "line": 27, "column": 10 },
            "end": { "line": 36, "column": 11 }
          }
        ]
      },
      "4": {
        "loc": {
          "start": { "line": 39, "column": 11 },
          "end": { "line": 43, "column": 5 }
        },
        "type": "if",
        "locations": [
          {
            "start": { "line": 39, "column": 11 },
            "end": { "line": 43, "column": 5 }
          },
          {
            "start": { "line": 39, "column": 11 },
            "end": { "line": 43, "column": 5 }
          }
        ]
      },
      "5": {
        "loc": {
          "start": { "line": 68, "column": 4 },
          "end": { "line": 70, "column": 5 }
        },
        "type": "if",
        "locations": [
          {
            "start": { "line": 68, "column": 4 },
            "end": { "line": 70, "column": 5 }
          },
          {
            "start": { "line": 68, "column": 4 },
            "end": { "line": 70, "column": 5 }
          }
        ]
      },
      "6": {
        "loc": {
          "start": { "line": 81, "column": 4 },
          "end": { "line": 86, "column": 5 }
        },
        "type": "if",
        "locations": [
          {
            "start": { "line": 81, "column": 4 },
            "end": { "line": 86, "column": 5 }
          },
          {
            "start": { "line": 81, "column": 4 },
            "end": { "line": 86, "column": 5 }
          }
        ]
      }
    },
    "s": {
      "0": 7,
      "1": 25,
      "2": 25,
      "3": 18,
      "4": 18,
      "5": 18,
      "6": 18,
      "7": 13,
      "8": 13,
      "9": 13,
      "10": 8,
      "11": 8,
      "12": 7,
      "13": 7,
      "14": 1,
      "15": 7,
      "16": 7,
      "17": 19,
      "18": 17,
      "19": 7,
      "20": 10,
      "21": 10,
      "22": 10,
      "23": 10,
      "24": 10,
      "25": 10,
      "26": 3,
      "27": 10,
      "28": 10,
      "29": 7
    },
    "f": { "0": 25, "1": 7, "2": 19, "3": 17 },
    "b": {
      "0": [18, 7],
      "1": [13, 5],
      "2": [8, 5],
      "3": [7, 1],
      "4": [1, 6],
      "5": [7, 10],
      "6": [3, 7]
    }
  },
  "/home/cdayjr/Projects/video-tag/src/classes/providers/YouTube.ts": {
    "path": "/home/cdayjr/Projects/video-tag/src/classes/providers/YouTube.ts",
    "statementMap": {
      "0": {
        "start": { "line": 1, "column": 0 },
        "end": { "line": 1, "column": 44 }
      },
      "1": {
        "start": { "line": 13, "column": 4 },
        "end": { "line": 13, "column": 18 }
      },
      "2": {
        "start": { "line": 15, "column": 4 },
        "end": { "line": 89, "column": 5 }
      },
      "3": {
        "start": { "line": 16, "column": 19 },
        "end": { "line": 16, "column": 46 }
      },
      "4": {
        "start": { "line": 17, "column": 6 },
        "end": { "line": 17, "column": 47 }
      },
      "5": {
        "start": { "line": 20, "column": 20 },
        "end": { "line": 22, "column": 7 }
      },
      "6": {
        "start": { "line": 23, "column": 6 },
        "end": { "line": 40, "column": 7 }
      },
      "7": {
        "start": { "line": 24, "column": 28 },
        "end": { "line": 24, "column": 33 }
      },
      "8": {
        "start": { "line": 26, "column": 8 },
        "end": { "line": 26, "column": 40 }
      },
      "9": {
        "start": { "line": 28, "column": 24 },
        "end": { "line": 30, "column": 9 }
      },
      "10": {
        "start": { "line": 32, "column": 8 },
        "end": { "line": 37, "column": 9 }
      },
      "11": {
        "start": { "line": 33, "column": 28 },
        "end": { "line": 33, "column": 69 }
      },
      "12": {
        "start": { "line": 34, "column": 10 },
        "end": { "line": 36, "column": 11 }
      },
      "13": {
        "start": { "line": 35, "column": 12 },
        "end": { "line": 35, "column": 57 }
      },
      "14": {
        "start": { "line": 39, "column": 8 },
        "end": { "line": 39, "column": 15 }
      },
      "15": {
        "start": { "line": 43, "column": 21 },
        "end": { "line": 43, "column": 78 }
      },
      "16": {
        "start": { "line": 44, "column": 6 },
        "end": { "line": 75, "column": 7 }
      },
      "17": {
        "start": { "line": 45, "column": 24 },
        "end": { "line": 47, "column": 9 }
      },
      "18": {
        "start": { "line": 48, "column": 8 },
        "end": { "line": 50, "column": 9 }
      },
      "19": {
        "start": { "line": 49, "column": 10 },
        "end": { "line": 49, "column": 58 }
      },
      "20": {
        "start": { "line": 51, "column": 8 },
        "end": { "line": 72, "column": 9 }
      },
      "21": {
        "start": { "line": 53, "column": 28 },
        "end": { "line": 53, "column": 69 }
      },
      "22": {
        "start": { "line": 54, "column": 10 },
        "end": { "line": 56, "column": 11 }
      },
      "23": {
        "start": { "line": 55, "column": 12 },
        "end": { "line": 55, "column": 57 }
      },
      "24": {
        "start": { "line": 57, "column": 15 },
        "end": { "line": 72, "column": 9 }
      },
      "25": {
        "start": { "line": 59, "column": 27 },
        "end": { "line": 62, "column": 11 }
      },
      "26": {
        "start": { "line": 63, "column": 10 },
        "end": { "line": 71, "column": 11 }
      },
      "27": {
        "start": { "line": 65, "column": 28 },
        "end": { "line": 65, "column": 65 }
      },
      "28": {
        "start": { "line": 66, "column": 12 },
        "end": { "line": 68, "column": 13 }
      },
      "29": {
        "start": { "line": 67, "column": 14 },
        "end": { "line": 67, "column": 57 }
      },
      "30": {
        "start": { "line": 70, "column": 12 },
        "end": { "line": 70, "column": 57 }
      },
      "31": {
        "start": { "line": 74, "column": 8 },
        "end": { "line": 74, "column": 15 }
      },
      "32": {
        "start": { "line": 78, "column": 21 },
        "end": { "line": 78, "column": 64 }
      },
      "33": {
        "start": { "line": 79, "column": 6 },
        "end": { "line": 83, "column": 7 }
      },
      "34": {
        "start": { "line": 80, "column": 28 },
        "end": { "line": 80, "column": 34 }
      },
      "35": {
        "start": { "line": 82, "column": 8 },
        "end": { "line": 82, "column": 40 }
      },
      "36": {
        "start": { "line": 84, "column": 11 },
        "end": { "line": 89, "column": 5 }
      },
      "37": {
        "start": { "line": 88, "column": 6 },
        "end": { "line": 88, "column": 37 }
      },
      "38": {
        "start": { "line": 101, "column": 29 },
        "end": { "line": 101, "column": 53 }
      },
      "39": {
        "start": { "line": 103, "column": 4 },
        "end": { "line": 103, "column": 78 }
      },
      "40": {
        "start": { "line": 110, "column": 4 },
        "end": { "line": 110, "column": 21 }
      },
      "41": {
        "start": { "line": 117, "column": 4 },
        "end": { "line": 119, "column": 5 }
      },
      "42": {
        "start": { "line": 118, "column": 6 },
        "end": { "line": 118, "column": 18 }
      },
      "43": {
        "start": { "line": 121, "column": 24 },
        "end": { "line": 123, "column": 7 }
      },
      "44": {
        "start": { "line": 124, "column": 4 },
        "end": { "line": 126, "column": 5 }
      },
      "45": {
        "start": { "line": 125, "column": 6 },
        "end": { "line": 125, "column": 61 }
      },
      "46": {
        "start": { "line": 128, "column": 19 },
        "end": { "line": 128, "column": 51 }
      },
      "47": {
        "start": { "line": 129, "column": 4 },
        "end": { "line": 129, "column": 47 }
      },
      "48": {
        "start": { "line": 130, "column": 4 },
        "end": { "line": 133, "column": 6 }
      },
      "49": {
        "start": { "line": 135, "column": 4 },
        "end": { "line": 135, "column": 31 }
      },
      "50": {
        "start": { "line": 137, "column": 4 },
        "end": { "line": 137, "column": 18 }
      },
      "51": {
        "start": { "line": 6, "column": 0 },
        "end": { "line": 139, "column": 1 }
      }
    },
    "fnMap": {
      "0": {
        "name": "(anonymous_0)",
        "decl": {
          "start": { "line": 12, "column": 2 },
          "end": { "line": 12, "column": 20 }
        },
        "loc": {
          "start": { "line": 12, "column": 35 },
          "end": { "line": 90, "column": 3 }
        }
      },
      "1": {
        "name": "(anonymous_1)",
        "decl": {
          "start": { "line": 99, "column": 9 },
          "end": { "line": 99, "column": 14 }
        },
        "loc": {
          "start": { "line": 99, "column": 41 },
          "end": { "line": 104, "column": 3 }
        }
      },
      "2": {
        "name": "(anonymous_2)",
        "decl": {
          "start": { "line": 109, "column": 9 },
          "end": { "line": 109, "column": 14 }
        },
        "loc": {
          "start": { "line": 109, "column": 33 },
          "end": { "line": 111, "column": 3 }
        }
      },
      "3": {
        "name": "(anonymous_3)",
        "decl": {
          "start": { "line": 116, "column": 9 },
          "end": { "line": 116, "column": 18 }
        },
        "loc": {
          "start": { "line": 116, "column": 19 },
          "end": { "line": 138, "column": 3 }
        }
      }
    },
    "branchMap": {
      "0": {
        "loc": {
          "start": { "line": 15, "column": 4 },
          "end": { "line": 89, "column": 5 }
        },
        "type": "if",
        "locations": [
          {
            "start": { "line": 15, "column": 4 },
            "end": { "line": 89, "column": 5 }
          },
          {
            "start": { "line": 15, "column": 4 },
            "end": { "line": 89, "column": 5 }
          }
        ]
      },
      "1": {
        "loc": {
          "start": { "line": 23, "column": 6 },
          "end": { "line": 40, "column": 7 }
        },
        "type": "if",
        "locations": [
          {
            "start": { "line": 23, "column": 6 },
            "end": { "line": 40, "column": 7 }
          },
          {
            "start": { "line": 23, "column": 6 },
            "end": { "line": 40, "column": 7 }
          }
        ]
      },
      "2": {
        "loc": {
          "start": { "line": 32, "column": 8 },
          "end": { "line": 37, "column": 9 }
        },
        "type": "if",
        "locations": [
          {
            "start": { "line": 32, "column": 8 },
            "end": { "line": 37, "column": 9 }
          },
          {
            "start": { "line": 32, "column": 8 },
            "end": { "line": 37, "column": 9 }
          }
        ]
      },
      "3": {
        "loc": {
          "start": { "line": 34, "column": 10 },
          "end": { "line": 36, "column": 11 }
        },
        "type": "if",
        "locations": [
          {
            "start": { "line": 34, "column": 10 },
            "end": { "line": 36, "column": 11 }
          },
          {
            "start": { "line": 34, "column": 10 },
            "end": { "line": 36, "column": 11 }
          }
        ]
      },
      "4": {
        "loc": {
          "start": { "line": 44, "column": 6 },
          "end": { "line": 75, "column": 7 }
        },
        "type": "if",
        "locations": [
          {
            "start": { "line": 44, "column": 6 },
            "end": { "line": 75, "column": 7 }
          },
          {
            "start": { "line": 44, "column": 6 },
            "end": { "line": 75, "column": 7 }
          }
        ]
      },
      "5": {
        "loc": {
          "start": { "line": 48, "column": 8 },
          "end": { "line": 50, "column": 9 }
        },
        "type": "if",
        "locations": [
          {
            "start": { "line": 48, "column": 8 },
            "end": { "line": 50, "column": 9 }
          },
          {
            "start": { "line": 48, "column": 8 },
            "end": { "line": 50, "column": 9 }
          }
        ]
      },
      "6": {
        "loc": {
          "start": { "line": 51, "column": 8 },
          "end": { "line": 72, "column": 9 }
        },
        "type": "if",
        "locations": [
          {
            "start": { "line": 51, "column": 8 },
            "end": { "line": 72, "column": 9 }
          },
          {
            "start": { "line": 51, "column": 8 },
            "end": { "line": 72, "column": 9 }
          }
        ]
      },
      "7": {
        "loc": {
          "start": { "line": 54, "column": 10 },
          "end": { "line": 56, "column": 11 }
        },
        "type": "if",
        "locations": [
          {
            "start": { "line": 54, "column": 10 },
            "end": { "line": 56, "column": 11 }
          },
          {
            "start": { "line": 54, "column": 10 },
            "end": { "line": 56, "column": 11 }
          }
        ]
      },
      "8": {
        "loc": {
          "start": { "line": 57, "column": 15 },
          "end": { "line": 72, "column": 9 }
        },
        "type": "if",
        "locations": [
          {
            "start": { "line": 57, "column": 15 },
            "end": { "line": 72, "column": 9 }
          },
          {
            "start": { "line": 57, "column": 15 },
            "end": { "line": 72, "column": 9 }
          }
        ]
      },
      "9": {
        "loc": {
          "start": { "line": 63, "column": 10 },
          "end": { "line": 71, "column": 11 }
        },
        "type": "if",
        "locations": [
          {
            "start": { "line": 63, "column": 10 },
            "end": { "line": 71, "column": 11 }
          },
          {
            "start": { "line": 63, "column": 10 },
            "end": { "line": 71, "column": 11 }
          }
        ]
      },
      "10": {
        "loc": {
          "start": { "line": 66, "column": 12 },
          "end": { "line": 68, "column": 13 }
        },
        "type": "if",
        "locations": [
          {
            "start": { "line": 66, "column": 12 },
            "end": { "line": 68, "column": 13 }
          },
          {
            "start": { "line": 66, "column": 12 },
            "end": { "line": 68, "column": 13 }
          }
        ]
      },
      "11": {
        "loc": {
          "start": { "line": 79, "column": 6 },
          "end": { "line": 83, "column": 7 }
        },
        "type": "if",
        "locations": [
          {
            "start": { "line": 79, "column": 6 },
            "end": { "line": 83, "column": 7 }
          },
          {
            "start": { "line": 79, "column": 6 },
            "end": { "line": 83, "column": 7 }
          }
        ]
      },
      "12": {
        "loc": {
          "start": { "line": 84, "column": 11 },
          "end": { "line": 89, "column": 5 }
        },
        "type": "if",
        "locations": [
          {
            "start": { "line": 84, "column": 11 },
            "end": { "line": 89, "column": 5 }
          },
          {
            "start": { "line": 84, "column": 11 },
            "end": { "line": 89, "column": 5 }
          }
        ]
      },
      "13": {
        "loc": {
          "start": { "line": 117, "column": 4 },
          "end": { "line": 119, "column": 5 }
        },
        "type": "if",
        "locations": [
          {
            "start": { "line": 117, "column": 4 },
            "end": { "line": 119, "column": 5 }
          },
          {
            "start": { "line": 117, "column": 4 },
            "end": { "line": 119, "column": 5 }
          }
        ]
      },
      "14": {
        "loc": {
          "start": { "line": 124, "column": 4 },
          "end": { "line": 126, "column": 5 }
        },
        "type": "if",
        "locations": [
          {
            "start": { "line": 124, "column": 4 },
            "end": { "line": 126, "column": 5 }
          },
          {
            "start": { "line": 124, "column": 4 },
            "end": { "line": 126, "column": 5 }
          }
        ]
      }
    },
    "s": {
      "0": 7,
      "1": 35,
      "2": 35,
      "3": 26,
      "4": 26,
      "5": 26,
      "6": 26,
      "7": 4,
      "8": 4,
      "9": 4,
      "10": 4,
      "11": 2,
      "12": 2,
      "13": 1,
      "14": 4,
      "15": 22,
      "16": 22,
      "17": 16,
      "18": 16,
      "19": 15,
      "20": 16,
      "21": 3,
      "22": 3,
      "23": 2,
      "24": 13,
      "25": 8,
      "26": 8,
      "27": 2,
      "28": 2,
      "29": 1,
      "30": 6,
      "31": 16,
      "32": 6,
      "33": 6,
      "34": 1,
      "35": 1,
      "36": 9,
      "37": 1,
      "38": 5,
      "39": 5,
      "40": 17,
      "41": 11,
      "42": 10,
      "43": 1,
      "44": 1,
      "45": 1,
      "46": 1,
      "47": 1,
      "48": 1,
      "49": 1,
      "50": 1,
      "51": 7
    },
    "f": { "0": 35, "1": 5, "2": 17, "3": 11 },
    "b": {
      "0": [26, 9],
      "1": [4, 22],
      "2": [2, 2],
      "3": [1, 1],
      "4": [16, 6],
      "5": [15, 1],
      "6": [3, 13],
      "7": [2, 1],
      "8": [8, 5],
      "9": [2, 6],
      "10": [1, 1],
      "11": [1, 5],
      "12": [1, 8],
      "13": [10, 1],
      "14": [1, 0]
    }
  }
}
