TN:
SF:/home/cdayjr/Projects/video-tag/src/providers.ts
FNF:0
FNH:0
DA:1,5
DA:2,5
DA:3,5
DA:8,5
LF:4
LH:4
BRF:0
BRH:0
end_of_record
TN:
SF:/home/cdayjr/Projects/video-tag/src/classes/Video.style.scss
FNF:0
FNH:0
DA:4,5
DA:8,5
LF:2
LH:2
BRF:0
BRH:0
end_of_record
TN:
SF:/home/cdayjr/Projects/video-tag/src/classes/Video.ts
FN:24,(anonymous_0)
FN:45,(anonymous_1)
FN:68,(anonymous_2)
FN:98,(anonymous_3)
FN:114,(anonymous_4)
FN:140,(anonymous_5)
FN:153,(anonymous_6)
FNF:7
FNH:7
FNDA:16,(anonymous_0)
FNDA:9,(anonymous_1)
FNDA:9,(anonymous_2)
FNDA:6,(anonymous_3)
FNDA:1,(anonymous_4)
FNDA:10,(anonymous_5)
FNDA:19,(anonymous_6)
DA:1,5
DA:2,5
DA:3,5
DA:9,5
DA:13,16
DA:25,16
DA:26,3
DA:30,13
DA:31,9
DA:47,9
DA:48,21
DA:49,21
DA:50,6
DA:51,6
DA:54,9
DA:55,6
DA:58,3
DA:74,9
DA:75,21
DA:76,21
DA:80,6
DA:81,6
DA:84,9
DA:85,6
DA:88,3
DA:99,6
DA:103,6
DA:104,3
DA:115,1
DA:116,1
DA:118,1
DA:119,0
DA:120,0
DA:121,0
DA:122,0
DA:123,0
DA:127,1
DA:128,1
DA:129,1
DA:130,1
DA:132,1
DA:141,10
DA:142,6
DA:145,4
DA:154,19
DA:155,12
DA:157,7
LF:47
LH:42
BRDA:25,0,0,3
BRDA:25,0,1,13
BRDA:25,1,0,16
BRDA:25,1,1,12
BRDA:30,2,0,9
BRDA:30,2,1,4
BRDA:49,3,0,6
BRDA:49,3,1,15
BRDA:54,4,0,6
BRDA:54,4,1,3
BRDA:76,5,0,6
BRDA:76,5,1,15
BRDA:84,6,0,6
BRDA:84,6,1,3
BRDA:103,7,0,3
BRDA:103,7,1,3
BRDA:118,8,0,0
BRDA:118,8,1,1
BRDA:120,9,0,0
BRDA:120,9,1,0
BRDA:141,10,0,6
BRDA:141,10,1,4
BRDA:154,11,0,12
BRDA:154,11,1,7
BRF:24
BRH:21
end_of_record
TN:
SF:/home/cdayjr/Projects/video-tag/src/classes/VideoProvider.ts
FN:148,(anonymous_0)
FN:10,(anonymous_1)
FN:17,(anonymous_2)
FN:24,(anonymous_3)
FN:31,(anonymous_4)
FN:36,(anonymous_5)
FN:51,(anonymous_6)
FN:53,(anonymous_7)
FN:70,(anonymous_8)
FN:95,(anonymous_9)
FN:132,(anonymous_10)
FN:160,(anonymous_11)
FN:169,(anonymous_12)
FNF:13
FNH:13
FNDA:89,(anonymous_0)
FNDA:2,(anonymous_1)
FNDA:1,(anonymous_2)
FNDA:15,(anonymous_3)
FNDA:49,(anonymous_4)
FNDA:106,(anonymous_5)
FNDA:80,(anonymous_6)
FNDA:113,(anonymous_7)
FNDA:110,(anonymous_8)
FNDA:22,(anonymous_9)
FNDA:6,(anonymous_10)
FNDA:9,(anonymous_11)
FNDA:80,(anonymous_12)
DA:4,12
DA:11,2
DA:18,1
DA:25,15
DA:32,49
DA:34,49
DA:35,49
DA:36,49
DA:37,106
DA:38,99
DA:39,99
DA:41,7
DA:45,49
DA:52,80
DA:53,80
DA:54,113
DA:56,80
DA:57,59
DA:60,80
DA:71,110
DA:72,110
DA:75,110
DA:77,110
DA:82,76
DA:85,34
DA:96,22
DA:99,22
DA:101,22
DA:103,22
DA:104,8
DA:105,8
DA:106,7
DA:109,22
DA:110,14
DA:111,14
DA:112,8
DA:115,22
DA:116,20
DA:117,20
DA:118,19
DA:122,22
DA:133,6
DA:134,6
DA:135,6
DA:136,6
DA:142,89
DA:149,89
DA:161,9
DA:170,80
LF:49
LH:49
BRDA:32,0,0,34
BRDA:32,0,1,15
BRDA:37,1,0,99
BRDA:37,1,1,7
BRDA:56,2,0,59
BRDA:56,2,1,21
BRDA:77,3,0,76
BRDA:77,3,1,34
BRDA:78,4,0,110
BRDA:78,4,1,104
BRDA:78,4,2,34
BRDA:103,5,0,8
BRDA:103,5,1,14
BRDA:105,6,0,7
BRDA:105,6,1,1
BRDA:109,7,0,14
BRDA:109,7,1,8
BRDA:111,8,0,8
BRDA:111,8,1,6
BRDA:115,9,0,20
BRDA:115,9,1,2
BRDA:117,10,0,19
BRDA:117,10,1,1
BRF:23
BRH:23
end_of_record
TN:
SF:/home/cdayjr/Projects/video-tag/src/classes/providers/Twitch.ts
FN:7,(anonymous_0)
FN:62,(anonymous_1)
FN:72,(anonymous_2)
FN:79,(anonymous_3)
FNF:4
FNH:4
FNDA:29,(anonymous_0)
FNDA:9,(anonymous_1)
FNDA:21,(anonymous_2)
FNDA:21,(anonymous_3)
DA:1,7
DA:3,7
DA:8,29
DA:10,29
DA:11,20
DA:12,20
DA:14,20
DA:17,20
DA:18,17
DA:20,17
DA:21,1
DA:22,16
DA:25,9
DA:27,17
DA:28,12
DA:30,12
DA:31,6
DA:32,2
DA:33,4
DA:34,3
DA:37,12
DA:38,7
DA:49,9
DA:50,1
DA:51,8
DA:52,1
DA:53,7
DA:54,1
DA:64,9
DA:66,9
DA:73,21
DA:80,21
DA:81,21
DA:83,4
DA:86,17
DA:88,10
DA:91,10
DA:92,3
DA:98,7
DA:101,14
DA:102,14
DA:103,14
DA:105,14
DA:107,14
LF:44
LH:44
BRDA:10,0,0,20
BRDA:10,0,1,9
BRDA:17,1,0,17
BRDA:17,1,1,3
BRDA:20,2,0,1
BRDA:20,2,1,16
BRDA:22,3,0,9
BRDA:22,3,1,7
BRDA:27,4,0,12
BRDA:27,4,1,5
BRDA:30,5,0,6
BRDA:30,5,1,6
BRDA:30,6,0,12
BRDA:30,6,1,12
BRDA:31,7,0,2
BRDA:31,7,1,4
BRDA:33,8,0,3
BRDA:33,8,1,1
BRDA:37,9,0,7
BRDA:37,9,1,5
BRDA:49,10,0,1
BRDA:49,10,1,8
BRDA:51,11,0,1
BRDA:51,11,1,7
BRDA:53,12,0,1
BRDA:53,12,1,6
BRDA:81,13,0,4
BRDA:81,13,1,17
BRDA:86,14,0,10
BRDA:86,14,1,7
BRDA:91,15,0,3
BRDA:91,15,1,7
BRF:32
BRH:32
end_of_record
TN:
SF:/home/cdayjr/Projects/video-tag/src/classes/providers/Vimeo.ts
FN:7,(anonymous_0)
FN:50,(anonymous_1)
FN:60,(anonymous_2)
FN:67,(anonymous_3)
FNF:4
FNH:4
FNDA:25,(anonymous_0)
FNDA:7,(anonymous_1)
FNDA:19,(anonymous_2)
FNDA:17,(anonymous_3)
DA:1,7
DA:3,7
DA:8,25
DA:10,25
DA:11,18
DA:12,18
DA:14,18
DA:17,18
DA:18,13
DA:20,13
DA:22,13
DA:23,8
DA:27,8
DA:28,7
DA:39,7
DA:42,1
DA:52,7
DA:54,7
DA:61,19
DA:68,17
DA:69,7
DA:72,10
DA:73,10
DA:74,10
DA:75,10
DA:77,10
DA:81,10
DA:82,3
DA:88,10
DA:90,10
LF:30
LH:30
BRDA:10,0,0,18
BRDA:10,0,1,7
BRDA:17,1,0,13
BRDA:17,1,1,5
BRDA:22,2,0,8
BRDA:22,2,1,5
BRDA:27,3,0,7
BRDA:27,3,1,1
BRDA:39,4,0,1
BRDA:39,4,1,6
BRDA:68,5,0,7
BRDA:68,5,1,10
BRDA:81,6,0,3
BRDA:81,6,1,7
BRF:14
BRH:14
end_of_record
TN:
SF:/home/cdayjr/Projects/video-tag/src/classes/providers/YouTube.ts
FN:12,(anonymous_0)
FN:99,(anonymous_1)
FN:109,(anonymous_2)
FN:116,(anonymous_3)
FNF:4
FNH:4
FNDA:35,(anonymous_0)
FNDA:5,(anonymous_1)
FNDA:17,(anonymous_2)
FNDA:11,(anonymous_3)
DA:1,7
DA:6,7
DA:13,35
DA:15,35
DA:16,26
DA:17,26
DA:20,26
DA:23,26
DA:24,4
DA:26,4
DA:28,4
DA:32,4
DA:33,2
DA:34,2
DA:35,1
DA:39,4
DA:43,22
DA:44,22
DA:45,16
DA:48,16
DA:49,15
DA:51,16
DA:53,3
DA:54,3
DA:55,2
DA:57,13
DA:59,8
DA:63,8
DA:65,2
DA:66,2
DA:67,1
DA:70,6
DA:74,16
DA:78,6
DA:79,6
DA:80,1
DA:82,1
DA:84,9
DA:88,1
DA:101,5
DA:103,5
DA:110,17
DA:117,11
DA:118,10
DA:121,1
DA:124,1
DA:125,1
DA:128,1
DA:129,1
DA:130,1
DA:135,1
DA:137,1
LF:52
LH:52
BRDA:15,0,0,26
BRDA:15,0,1,9
BRDA:23,1,0,4
BRDA:23,1,1,22
BRDA:32,2,0,2
BRDA:32,2,1,2
BRDA:34,3,0,1
BRDA:34,3,1,1
BRDA:44,4,0,16
BRDA:44,4,1,6
BRDA:48,5,0,15
BRDA:48,5,1,1
BRDA:51,6,0,3
BRDA:51,6,1,13
BRDA:54,7,0,2
BRDA:54,7,1,1
BRDA:57,8,0,8
BRDA:57,8,1,5
BRDA:63,9,0,2
BRDA:63,9,1,6
BRDA:66,10,0,1
BRDA:66,10,1,1
BRDA:79,11,0,1
BRDA:79,11,1,5
BRDA:84,12,0,1
BRDA:84,12,1,8
BRDA:117,13,0,10
BRDA:117,13,1,1
BRDA:124,14,0,1
BRDA:124,14,1,0
BRF:30
BRH:29
end_of_record
